build/app/outputs/mapping/release/seeds.txt
br.com.noahsoftware.test.uaifai.MainActivity
br.com.noahsoftware.test.uaifai.MainActivity: MainActivity()
...
kotlin.reflect.KVisibility: kotlin.reflect.KVisibility[] values()
io.flutter.embedding.engine.renderer.FlutterRenderer$ImageTextureRegistryEntry: void pushImage(android.media.Image)
io.flutter.embedding.engine.FlutterJNI: FlutterJNI()
io.flutter.embedding.engine.systemchannels.LifecycleChannel$AppLifecycleState: io.flutter.embedding.engine.systemchannels.LifecycleChannel$AppLifecycleState valueOf(java.lang.String)
androidx.window.embedding.SplitRuleParser: androidx.window.embedding.SplitPairFilter parseSplitPairFilter(android.content.Context,android.content.res.XmlResourceParser)
org.chromium.support_lib_boundary.WebkitToCompatConverterBoundaryInterface: java.lang.reflect.InvocationHandler convertWebMessagePort(java.lang.Object)
io.flutter.embedding.engine.renderer.SurfaceTextureWrapper: void attachToGLContext(int)
androidx.window.layout.DisplayCompatHelperApi28: DisplayCompatHelperApi28()
androidx.core.graphics.drawable.IconCompatParcelizer: IconCompatParcelizer()
io.flutter.embedding.engine.FlutterJNI: void handlePlatformMessage(java.lang.String,java.nio.ByteBuffer,int,long)
io.flutter.view.TextureRegistry$SurfaceTextureEntry: void setOnTrimMemoryListener(io.flutter.view.TextureRegistry$OnTrimMemoryListener)
org.chromium.support_lib_boundary.WebSettingsBoundaryInterface: void setEnterpriseAuthenticationAppLinkPolicyEnabled(boolean)
io.flutter.embedding.engine.renderer.FlutterRenderer$ImageTextureRegistryEntry: long id()
org.chromium.support_lib_boundary.WebViewProviderBoundaryInterface: java.lang.reflect.InvocationHandler addDocumentStartJavaScript(java.lang.String,java.lang.String[])
org.chromium.support_lib_boundary.ServiceWorkerWebSettingsBoundaryInterface: boolean getBlockNetworkLoads()
io.flutter.embedding.engine.FlutterJNI: void nativeMarkTextureFrameAvailable(long,long)
org.chromium.support_lib_boundary.WebSettingsBoundaryInterface: void setForceDarkBehavior(int)
androidx.window.core.Bounds: boolean equals(java.lang.Object)
androidx.window.embedding.MatcherUtils: boolean areActivityOrIntentComponentsMatching$window_release(android.app.Activity,android.content.ComponentName)
androidx.window.layout.ExtensionWindowLayoutInfoBackend$MulticastConsumer: ExtensionWindowLayoutInfoBackend$MulticastConsumer(android.app.Activity)
androidx.window.layout.SidecarWindowBackend$Companion: SidecarWindowBackend$Companion(kotlin.jvm.internal.DefaultConstructorMarker)
io.flutter.plugins.webviewflutter.JavaScriptChannel: void postMessage(java.lang.String)
io.flutter.embedding.engine.FlutterJNI: void nativeSetIsRenderingToImageView(long,boolean)
io.flutter.plugins.webviewflutter.GeneratedAndroidWebView$ConsoleMessage: GeneratedAndroidWebView$ConsoleMessage()
io.flutter.embedding.engine.FlutterJNI: void nativeSurfaceWindowChanged(long,android.view.Surface)
androidx.window.layout.SidecarWindowBackend$WindowLayoutChangeCallbackWrapper: SidecarWindowBackend$WindowLayoutChangeCallbackWrapper(android.app.Activity,java.util.concurrent.Executor,androidx.core.util.Consumer)
org.chromium.support_lib_boundary.IsomorphicObjectBoundaryInterface: java.lang.Object getOrCreatePeer(java.util.concurrent.Callable)
kotlin.coroutines.intrinsics.CoroutineSingletons: kotlin.coroutines.intrinsics.CoroutineSingletons[] values()
androidx.core.view.WindowInsetsCompat$BuilderImpl: void setTappableElementInsets(androidx.core.graphics.Insets)
androidx.webkit.internal.ApiHelperForM: void close(android.webkit.WebMessagePort)
androidx.core.content.ContextCompat$Api28Impl: java.util.concurrent.Executor getMainExecutor(android.content.Context)
kotlinx.coroutines.CompletionHandlerBase: CompletionHandlerBase()
androidx.window.embedding.SplitController: androidx.window.embedding.SplitController getInstance()
androidx.core.view.WindowInsetsCompat$Impl28: int hashCode()
io.flutter.embedding.engine.FlutterJNI: void setViewportMetrics(float,int,int,int,int,int,int,int,int,int,int,int,int,int,int,int,int[],int[],int[])