build/app/outputs/mapping/release/mapping.txt
# compiler: R8
# compiler_version: 3.3.70
# min_api: 19
# common_typos_disable
# {"id":"com.android.tools.r8.mapping","version":"2.0"}
# pg_map_id: 90c54f1
# pg_map_hash: SHA-256 90c54f181d6bc5fbd8d406b0e9b9c13bc796c1696b7b0314c41370ab56ff1b0e
...
io.flutter.view.AccessibilityViewEmbedder$$ExternalSyntheticApiModelOutline3 -> io.flutter.view.s:
# {"id":"sourceFile","fileName":"R8$$SyntheticClass"}
# {"id":"com.android.tools.r8.synthesized"}
    java.lang.CharSequence io.flutter.view.AccessibilityViewEmbedder$$InternalSyntheticApiModelOutline$1$5748db92e5ea0bf57e589b03ebff6c44bee4cdfa760f588503b01ab99cdc139b$12.m(android.view.accessibility.AccessibilityNodeInfo) -> a
      # {"id":"com.android.tools.r8.synthesized"}
io.flutter.view.AccessibilityViewEmbedder$$ExternalSyntheticApiModelOutline4 -> io.flutter.view.t:
# {"id":"sourceFile","fileName":"R8$$SyntheticClass"}
# {"id":"com.android.tools.r8.synthesized"}
    boolean io.flutter.view.AccessibilityViewEmbedder$$InternalSyntheticApiModelOutline$1$5748db92e5ea0bf57e589b03ebff6c44bee4cdfa760f588503b01ab99cdc139b$14.m(android.view.accessibility.AccessibilityNodeInfo) -> a
      # {"id":"com.android.tools.r8.synthesized"}
io.flutter.view.AccessibilityViewEmbedder$$ExternalSyntheticApiModelOutline5 -> io.flutter.view.u:
# {"id":"sourceFile","fileName":"R8$$SyntheticClass"}
# {"id":"com.android.tools.r8.synthesized"}
    void io.flutter.view.AccessibilityViewEmbedder$$InternalSyntheticApiModelOutline$1$5748db92e5ea0bf57e589b03ebff6c44bee4cdfa760f588503b01ab99cdc139b$15.m(android.view.accessibility.AccessibilityNodeInfo,boolean) -> a
      # {"id":"com.android.tools.r8.synthesized"}
io.flutter.view.AccessibilityViewEmbedder$$ExternalSyntheticApiModelOutline6 -> io.flutter.view.v:
# {"id":"sourceFile","fileName":"R8$$SyntheticClass"}
# {"id":"com.android.tools.r8.synthesized"}
    void io.flutter.view.AccessibilityViewEmbedder$$InternalSyntheticApiModelOutline$1$5748db92e5ea0bf57e589b03ebff6c44bee4cdfa760f588503b01ab99cdc139b$1.m(android.view.accessibility.AccessibilityNodeInfo,java.lang.CharSequence) -> a
      # {"id":"com.android.tools.r8.synthesized"}
io.flutter.view.AccessibilityViewEmbedder$$ExternalSyntheticApiModelOutline7 -> io.flutter.view.w:
# {"id":"sourceFile","fileName":"R8$$SyntheticClass"}
# {"id":"com.android.tools.r8.synthesized"}
    int io.flutter.view.AccessibilityViewEmbedder$$InternalSyntheticApiModelOutline$1$5748db92e5ea0bf57e589b03ebff6c44bee4cdfa760f588503b01ab99cdc139b$2.m(android.view.accessibility.AccessibilityNodeInfo) -> a
      # {"id":"com.android.tools.r8.synthesized"}
io.flutter.view.AccessibilityViewEmbedder$$ExternalSyntheticApiModelOutline8 -> io.flutter.view.x:
# {"id":"sourceFile","fileName":"R8$$SyntheticClass"}
# {"id":"com.android.tools.r8.synthesized"}
    boolean io.flutter.view.AccessibilityViewEmbedder$$InternalSyntheticApiModelOutline$1$5748db92e5ea0bf57e589b03ebff6c44bee4cdfa760f588503b01ab99cdc139b$4.m(android.view.accessibility.AccessibilityNodeInfo) -> a
      # {"id":"com.android.tools.r8.synthesized"}
io.flutter.view.AccessibilityViewEmbedder$$ExternalSyntheticApiModelOutline9 -> io.flutter.view.y:
# {"id":"sourceFile","fileName":"R8$$SyntheticClass"}
# {"id":"com.android.tools.r8.synthesized"}
    void io.flutter.view.AccessibilityViewEmbedder$$InternalSyntheticApiModelOutline$1$5748db92e5ea0bf57e589b03ebff6c44bee4cdfa760f588503b01ab99cdc139b$5.m(android.view.accessibility.AccessibilityNodeInfo,boolean) -> a
      # {"id":"com.android.tools.r8.synthesized"}
io.flutter.view.AccessibilityViewEmbedder$1 -> io.flutter.view.AccessibilityViewEmbedder$a: