build/app/outputs/mapping/release/usage.txt
br.com.noahsoftware.test.uaifai.BuildConfig
br.com.noahsoftware.test.uaifai.R$attr
br.com.noahsoftware.test.uaifai.R$color
br.com.noahsoftware.test.uaifai.R$dimen
br.com.noahsoftware.test.uaifai.R$drawable
br.com.noahsoftware.test.uaifai.R$id
br.com.noahsoftware.test.uaifai.R$integer
br.com.noahsoftware.test.uaifai.R$layout
br.com.noahsoftware.test.uaifai.R$mipmap
br.com.noahsoftware.test.uaifai.R$string
br.com.noahsoftware.test.uaifai.R$style
br.com.noahsoftware.test.uaifai.R$styleable
br.com.noahsoftware.test.uaifai.R$xml
br.com.noahsoftware.test.uaifai.R
...
org.bouncycastle.jcajce.provider.asymmetric.rsa.X931SignatureSpi$SHA1WithRSAEncryption
org.bouncycastle.jcajce.provider.asymmetric.rsa.X931SignatureSpi$SHA224WithRSAEncryption
org.bouncycastle.jcajce.provider.asymmetric.rsa.X931SignatureSpi$SHA256WithRSAEncryption
org.bouncycastle.jcajce.provider.asymmetric.rsa.X931SignatureSpi$SHA384WithRSAEncryption
org.bouncycastle.jcajce.provider.asymmetric.rsa.X931SignatureSpi$SHA512WithRSAEncryption
org.bouncycastle.jcajce.provider.asymmetric.rsa.X931SignatureSpi$SHA512_224WithRSAEncryption
org.bouncycastle.jcajce.provider.asymmetric.rsa.X931SignatureSpi$SHA512_256WithRSAEncryption
org.bouncycastle.jcajce.provider.asymmetric.rsa.X931SignatureSpi$WhirlpoolWithRSAEncryption
org.bouncycastle.jcajce.provider.asymmetric.rsa.X931SignatureSpi
org.bouncycastle.jcajce.provider.asymmetric.util.BaseAgreementSpi
org.bouncycastle.jcajce.provider.asymmetric.util.BaseAlgorithmParameterGeneratorSpi
org.bouncycastle.jcajce.provider.asymmetric.util.BaseCipherSpi$1
org.bouncycastle.jcajce.provider.asymmetric.util.BaseCipherSpi$ErasableOutputStream
org.bouncycastle.jcajce.provider.asymmetric.util.BaseCipherSpi
org.bouncycastle.jcajce.provider.asymmetric.util.BaseKeyFactorySpi
org.bouncycastle.jcajce.provider.asymmetric.util.DESUtil
org.bouncycastle.jcajce.provider.asymmetric.util.DHUtil
org.bouncycastle.jcajce.provider.asymmetric.util.DSABase
org.bouncycastle.jcajce.provider.asymmetric.util.DSAEncoder
org.bouncycastle.jcajce.provider.asymmetric.util.EC5Util
org.bouncycastle.jcajce.provider.asymmetric.util.ECUtil$1
org.bouncycastle.jcajce.provider.asymmetric.util.ECUtil
org.bouncycastle.jcajce.provider.asymmetric.util.ExtendedInvalidKeySpecException
org.bouncycastle.jcajce.provider.asymmetric.util.GOST3410Util
org.bouncycastle.jcajce.provider.asymmetric.util.IESUtil
org.bouncycastle.jcajce.provider.asymmetric.util.KeyUtil
org.bouncycastle.jcajce.provider.asymmetric.util.PKCS12BagAttributeCarrierImpl
org.bouncycastle.jcajce.provider.asymmetric.util.PrimeCertaintyCalculator
org.bouncycastle.jcajce.provider.asymmetric.x509.CertificateFactory$ExCertificateException
org.bouncycastle.jcajce.provider.asymmetric.x509.CertificateFactory
org.bouncycastle.jcajce.provider.asymmetric.x509.ExtCRLException
org.bouncycastle.jcajce.provider.asymmetric.x509.KeyFactory
org.bouncycastle.jcajce.provider.asymmetric.x509.PEMUtil$1
org.bouncycastle.jcajce.provider.asymmetric.x509.PEMUtil$Boundaries
org.bouncycastle.jcajce.provider.asymmetric.x509.PEMUtil
org.bouncycastle.jcajce.provider.asymmetric.x509.PKIXCertPath
org.bouncycastle.jcajce.provider.asymmetric.x509.SignatureCreator
org.bouncycastle.jcajce.provider.asymmetric.x509.X509CRLEntryObject
org.bouncycastle.jcajce.provider.asymmetric.x509.X509CRLImpl$1
org.bouncycastle.jcajce.provider.asymmetric.x509.X509CRLImpl$2
org.bouncycastle.jcajce.provider.asymmetric.x509.X509CRLImpl$3
org.bouncycastle.jcajce.provider.asymmetric.x509.X509CRLImpl
org.bouncycastle.jcajce.provider.asymmetric.x509.X509CRLInternal
org.bouncycastle.jcajce.provider.asymmetric.x509.X509CRLObject$X509CRLException
org.bouncycastle.jcajce.provider.asymmetric.x509.X509CRLObject
org.bouncycastle.jcajce.provider.asymmetric.x509.X509CertificateImpl$1
org.bouncycastle.jcajce.provider.asymmetric.x509.X509CertificateImpl$2
org.bouncycastle.jcajce.provider.asymmetric.x509.X509CertificateImpl$3
org.bouncycastle.jcajce.provider.asymmetric.x509.X509CertificateImpl
org.bouncycastle.jcajce.provider.asymmetric.x509.X509CertificateInternal
org.bouncycastle.jcajce.provider.asymmetric.x509.X509CertificateObject$X509CertificateEncodingException
org.bouncycastle.jcajce.provider.asymmetric.x509.X509CertificateObject
org.bouncycastle.jcajce.provider.asymmetric.x509.X509SignatureUtil